Using pre-set license
Built from '2020.3/staging' branch; Version is '2020.3.6f1 (338bb68529b2) revision 3378102'; Using compiler version '192528614'; Build Type 'Release'
OS: 'Windows 10 Home; OS build 19041.928; Version 2004; 64bit' Language: 'ja' Physical Memory: 65446 MB
BatchMode: 1, IsHumanControllingUs: 0, StartBugReporterOnCrash: 0, Is64bit: 1, IsPro: 0

 COMMAND LINE ARGUMENTS:
D:\55_platform\2020.3.6f1\Editor\Unity.exe
-adb2
-batchMode
-noUpm
-name
AssetImportWorker0
-projectPath
C:/Users/yoshihiko/SoundEscapeGame
-logFile
Logs/AssetImportWorker0.log
-srvPort
62227
Successfully changed project path to: C:/Users/yoshihiko/SoundEscapeGame
C:/Users/yoshihiko/SoundEscapeGame
Using Asset Import Pipeline V2.
Refreshing native plugins compatible for Editor in 27.20 ms, found 1 plugins.
Preloading 0 native plugins for Editor in 0.00 ms.
Initialize engine version: 2020.3.6f1 (338bb68529b2)
[Subsystems] Discovering subsystems at path D:/55_platform/2020.3.6f1/Editor/Data/Resources/UnitySubsystems
[Subsystems] Discovering subsystems at path C:/Users/yoshihiko/SoundEscapeGame/Assets
GfxDevice: creating device client; threaded=0
Direct3D:
    Version:  Direct3D 11.0 [level 11.1]
    Renderer: NVIDIA GeForce GTX 1660 SUPER (ID=0x21c4)
    Vendor:   
    VRAM:     5991 MB
    Driver:   27.21.14.5751
Initialize mono
Mono path[0] = 'D:/55_platform/2020.3.6f1/Editor/Data/Managed'
Mono path[1] = 'D:/55_platform/2020.3.6f1/Editor/Data/MonoBleedingEdge/lib/mono/unityjit'
Mono config path = 'D:/55_platform/2020.3.6f1/Editor/Data/MonoBleedingEdge/etc'
Using monoOptions --debugger-agent=transport=dt_socket,embedding=1,server=y,suspend=n,address=127.0.0.1:56772
Begin MonoManager ReloadAssembly
Registering precompiled unity dll's ...
Register platform support module: D:/55_platform/2020.3.6f1/Editor/Data/PlaybackEngines/WindowsStandaloneSupport/UnityEditor.WindowsStandalone.Extensions.dll
Registered in 0.000862 seconds.
Native extension for WindowsStandalone target not found
Refreshing native plugins compatible for Editor in 27.23 ms, found 1 plugins.
Preloading 0 native plugins for Editor in 0.00 ms.
Mono: successfully reloaded assembly
- Completed reload, in  0.684 seconds
Platform modules already initialized, skipping
Registering precompiled user dll's ...
Registered in 0.000846 seconds.
Begin MonoManager ReloadAssembly
Native extension for WindowsStandalone target not found
Refreshing native plugins compatible for Editor in 27.09 ms, found 1 plugins.
Preloading 0 native plugins for Editor in 0.00 ms.
Mono: successfully reloaded assembly
- Completed reload, in  0.681 seconds
Platform modules already initialized, skipping
========================================================================
Worker process is ready to serve import requests
Launched and connected shader compiler UnityShaderCompiler.exe after 0.03 seconds
Refreshing native plugins compatible for Editor in 0.29 ms, found 1 plugins.
Preloading 0 native plugins for Editor in 0.00 ms.
Unloading 1808 Unused Serialized files (Serialized files now loaded: 0)
System memory in use before: 87.6 MB.
System memory in use after: 87.5 MB.

Unloading 24 unused Assets to reduce memory usage. Loaded Objects now: 2250.
Total: 1.746600 ms (FindLiveObjects: 0.185500 ms CreateObjectMapping: 0.068100 ms MarkObjects: 1.396300 ms  DeleteObjects: 0.095900 ms)

========================================================================
Received Import Request.
  path: Assets/Stage1.unity
  artifactKey: Guid(57ecf195994f6a244b6629933474f72d) Importer(815301076,1909f56bfc062723c751e8b465ee728b)
Start importing Assets/Stage1.unity using Guid(57ecf195994f6a244b6629933474f72d) Importer(815301076,1909f56bfc062723c751e8b465ee728b)  -> (artifact id: 'c11be113963f5f8c82c8a6dd9313f9d6') in 0.009889 seconds
  Import took 0.012079 seconds .

========================================================================
Received Import Request.
  Time since last request: 758.342808 seconds.
  path: Assets/Free Asset
  artifactKey: Guid(91351cdda468b4340b93b397d0e2b9bd) Importer(815301076,1909f56bfc062723c751e8b465ee728b)
Start importing Assets/Free Asset using Guid(91351cdda468b4340b93b397d0e2b9bd) Importer(815301076,1909f56bfc062723c751e8b465ee728b)  -> (artifact id: '424477a79f7aad363c221047d3823e23') in 0.002007 seconds
  Import took 0.004581 seconds .

========================================================================
Received Import Request.
  Time since last request: 0.000319 seconds.
  path: Assets/Free Asset
  artifactKey: Guid(91351cdda468b4340b93b397d0e2b9bd) Importer(815301076,1909f56bfc062723c751e8b465ee728b)
Start importing Assets/Free Asset using Guid(91351cdda468b4340b93b397d0e2b9bd) Importer(815301076,1909f56bfc062723c751e8b465ee728b)  -> (artifact id: '424477a79f7aad363c221047d3823e23') in 0.001669 seconds
  Import took 0.003785 seconds .

========================================================================
Received Import Request.
  Time since last request: 230.282732 seconds.
  path: Assets/Scenes/SampleScene.unity
  artifactKey: Guid(2cda990e2423bbf4892e6590ba056729) Importer(815301076,1909f56bfc062723c751e8b465ee728b)
Start importing Assets/Scenes/SampleScene.unity using Guid(2cda990e2423bbf4892e6590ba056729) Importer(815301076,1909f56bfc062723c751e8b465ee728b)  -> (artifact id: 'caf595eaeb10e7fcd37cdd758b995f25') in 0.002278 seconds
  Import took 0.004450 seconds .

========================================================================
Received Import Request.
  Time since last request: 11.718696 seconds.
  path: Packages/com.unity.2d.spriteshape/Editor/ObjectMenuCreation/DefaultAssets/Sprite Shapes/Closed Sprite Shape.prefab
  artifactKey: Guid(c0583b4e855c74b8c82e7b9b5efb5ce9) Importer(815301076,1909f56bfc062723c751e8b465ee728b)
Start importing Packages/com.unity.2d.spriteshape/Editor/ObjectMenuCreation/DefaultAssets/Sprite Shapes/Closed Sprite Shape.prefab using Guid(c0583b4e855c74b8c82e7b9b5efb5ce9) Importer(815301076,1909f56bfc062723c751e8b465ee728b)  -> (artifact id: 'aadba435b8cc3f23cef55f11e22cef17') in 0.026976 seconds
  Import took 0.029304 seconds .

========================================================================
Received Import Request.
  Time since last request: 0.000316 seconds.
  path: Packages/com.unity.2d.spriteshape/Editor/ObjectMenuCreation/DefaultAssets/Sprite Shapes/Open Sprite Shape.prefab
  artifactKey: Guid(86ae7de409eb54f619fb1328e4d42480) Importer(815301076,1909f56bfc062723c751e8b465ee728b)
Start importing Packages/com.unity.2d.spriteshape/Editor/ObjectMenuCreation/DefaultAssets/Sprite Shapes/Open Sprite Shape.prefab using Guid(86ae7de409eb54f619fb1328e4d42480) Importer(815301076,1909f56bfc062723c751e8b465ee728b)  -> (artifact id: '8e0ac89b12d3f3e6241ce1a394225ae6') in 0.003940 seconds
  Import took 0.005786 seconds .

========================================================================
Received Import Request.
  Time since last request: 336.138930 seconds.
  path: Assets/Forest road BG/Forest road Background
  artifactKey: Guid(de3c905bcc85cae49a9ff7b933f36af9) Importer(815301076,1909f56bfc062723c751e8b465ee728b)
Start importing Assets/Forest road BG/Forest road Background using Guid(de3c905bcc85cae49a9ff7b933f36af9) Importer(815301076,1909f56bfc062723c751e8b465ee728b)  -> (artifact id: '8971229d61cc3459ab02b49283b4df16') in 0.002238 seconds
  Import took 0.005261 seconds .

========================================================================
Received Import Request.
  Time since last request: 0.006784 seconds.
  path: Assets/Forest road BG/Forest road Background
  artifactKey: Guid(de3c905bcc85cae49a9ff7b933f36af9) Importer(815301076,1909f56bfc062723c751e8b465ee728b)
Start importing Assets/Forest road BG/Forest road Background using Guid(de3c905bcc85cae49a9ff7b933f36af9) Importer(815301076,1909f56bfc062723c751e8b465ee728b)  -> (artifact id: '8971229d61cc3459ab02b49283b4df16') in 0.001562 seconds
  Import took 0.003622 seconds .

========================================================================
Received Import Request.
  Time since last request: 0.798788 seconds.
  path: Assets/Forest road BG/Forest road Background/PNG
  artifactKey: Guid(5be1e4a7aaeac3e4fb20ff4ea285849b) Importer(815301076,1909f56bfc062723c751e8b465ee728b)
Start importing Assets/Forest road BG/Forest road Background/PNG using Guid(5be1e4a7aaeac3e4fb20ff4ea285849b) Importer(815301076,1909f56bfc062723c751e8b465ee728b)  -> (artifact id: 'b72c0ea7e4ef61dd5d1f764e83b7d055') in 0.001971 seconds
  Import took 0.004072 seconds .

========================================================================
Received Import Request.
  Time since last request: 0.068807 seconds.
  path: Assets/Forest road BG/Forest road Background/PNG/background_layer_1.png
  artifactKey: Guid(6fa14e4f4481d14468c46b7b48e89e9e) Importer(815301076,1909f56bfc062723c751e8b465ee728b)
Start importing Assets/Forest road BG/Forest road Background/PNG/background_layer_1.png using Guid(6fa14e4f4481d14468c46b7b48e89e9e) Importer(815301076,1909f56bfc062723c751e8b465ee728b)  -> (artifact id: 'a25706583c6a23a18ae8313cec703b2e') in 0.107222 seconds
  Import took 0.109855 seconds .

========================================================================
Received Import Request.
  Time since last request: 0.000202 seconds.
  path: Assets/Forest road BG/Forest road Background/PNG/background_layer_20.png
  artifactKey: Guid(2ad616bc30603604aa8419ae773ddf40) Importer(815301076,1909f56bfc062723c751e8b465ee728b)
Start importing Assets/Forest road BG/Forest road Background/PNG/background_layer_20.png using Guid(2ad616bc30603604aa8419ae773ddf40) Importer(815301076,1909f56bfc062723c751e8b465ee728b)  -> (artifact id: '42c40d6a81b76f6d2bf8af1e95ea9092') in 0.017128 seconds
  Import took 0.019279 seconds .

========================================================================
Received Import Request.
  Time since last request: 0.000289 seconds.
  path: Assets/Forest road BG/Forest road Background/PNG/background_layer_2.png
  artifactKey: Guid(ada58a25932da984abd2b265a2622fc1) Importer(815301076,1909f56bfc062723c751e8b465ee728b)
Start importing Assets/Forest road BG/Forest road Background/PNG/background_layer_2.png using Guid(ada58a25932da984abd2b265a2622fc1) Importer(815301076,1909f56bfc062723c751e8b465ee728b)  -> (artifact id: 'c1f9171689404b183409b173a71499a9') in 0.015251 seconds
  Import took 0.017422 seconds .

========================================================================
Received Import Request.
  Time since last request: 0.000215 seconds.
  path: Assets/Forest road BG/Forest road Background/PNG/background_layer_24.png
  artifactKey: Guid(3e02c156567407149948c2031b7db6d7) Importer(815301076,1909f56bfc062723c751e8b465ee728b)
Start importing Assets/Forest road BG/Forest road Background/PNG/background_layer_24.png using Guid(3e02c156567407149948c2031b7db6d7) Importer(815301076,1909f56bfc062723c751e8b465ee728b)  -> (artifact id: '14f7881f59190a5bbbb67c1c56088bac') in 0.014461 seconds
  Import took 0.016664 seconds .

========================================================================
Received Import Request.
  Time since last request: 0.000203 seconds.
  path: Assets/Forest road BG/Forest road Background/PNG/background_layer_18.png
  artifactKey: Guid(2a3549651b085b549b828d489de00291) Importer(815301076,1909f56bfc062723c751e8b465ee728b)
Start importing Assets/Forest road BG/Forest road Background/PNG/background_layer_18.png using Guid(2a3549651b085b549b828d489de00291) Importer(815301076,1909f56bfc062723c751e8b465ee728b)  -> (artifact id: 'dce2a92fbeb382c6fa36881a132fb22b') in 0.026236 seconds
  Import took 0.028412 seconds .

========================================================================
Received Import Request.
  Time since last request: 0.000253 seconds.
  path: Assets/Forest road BG/Forest road Background/PNG/background_layer_23.png
  artifactKey: Guid(1e273e9fde20ba340b40345b0e0268fa) Importer(815301076,1909f56bfc062723c751e8b465ee728b)
Start importing Assets/Forest road BG/Forest road Background/PNG/background_layer_23.png using Guid(1e273e9fde20ba340b40345b0e0268fa) Importer(815301076,1909f56bfc062723c751e8b465ee728b)  -> (artifact id: 'f8640ea73eed96c3a3515ec2ba808f7c') in 0.032165 seconds
  Import took 0.034263 seconds .

========================================================================
Received Import Request.
  Time since last request: 0.000271 seconds.
  path: Assets/Forest road BG/Forest road Background/PNG/background_layer_8.png
  artifactKey: Guid(b2f34fd25d4d0924285ddff4506c4224) Importer(815301076,1909f56bfc062723c751e8b465ee728b)
Start importing Assets/Forest road BG/Forest road Background/PNG/background_layer_8.png using Guid(b2f34fd25d4d0924285ddff4506c4224) Importer(815301076,1909f56bfc062723c751e8b465ee728b)  -> (artifact id: 'cf3622f98598cafea17c7fd260df1e5e') in 0.016967 seconds
  Import took 0.019181 seconds .

========================================================================
Received Import Request.
  Time since last request: 0.000266 seconds.
  path: Assets/Forest road BG/Forest road Background/PNG/background_layer_4.png
  artifactKey: Guid(077d95cfd4e94a14eb829bcd5b50e384) Importer(815301076,1909f56bfc062723c751e8b465ee728b)
Start importing Assets/Forest road BG/Forest road Background/PNG/background_layer_4.png using Guid(077d95cfd4e94a14eb829bcd5b50e384) Importer(815301076,1909f56bfc062723c751e8b465ee728b)  -> (artifact id: '63421718cf4fcc5f726076ffde5ef1d5') in 0.017100 seconds
  Import took 0.019359 seconds .

========================================================================
Received Import Request.
  Time since last request: 0.000212 seconds.
  path: Assets/Forest road BG/Forest road Background/PNG/background_layer_13.png
  artifactKey: Guid(602892ba8f186ae47abee13b3e7c2b6d) Importer(815301076,1909f56bfc062723c751e8b465ee728b)
Start importing Assets/Forest road BG/Forest road Background/PNG/background_layer_13.png using Guid(602892ba8f186ae47abee13b3e7c2b6d) Importer(815301076,1909f56bfc062723c751e8b465ee728b)  -> (artifact id: 'fecffd2638ecbc6ccb376212e88b4736') in 0.027194 seconds
  Import took 0.029409 seconds .

========================================================================
Received Import Request.
  Time since last request: 0.000311 seconds.
  path: Assets/Forest road BG/Forest road Background/PNG/background_layer_5.png
  artifactKey: Guid(062df59bf4b4f1a488047002c6a16a01) Importer(815301076,1909f56bfc062723c751e8b465ee728b)
Start importing Assets/Forest road BG/Forest road Background/PNG/background_layer_5.png using Guid(062df59bf4b4f1a488047002c6a16a01) Importer(815301076,1909f56bfc062723c751e8b465ee728b)  -> (artifact id: 'b84282dc9e0cbf3b51d86490f566e4cd') in 0.041236 seconds
  Import took 0.043373 seconds .

========================================================================
Received Import Request.
  Time since last request: 0.000296 seconds.
  path: Assets/Forest road BG/Forest road Background/PNG/background_layer_9.png
  artifactKey: Guid(28f46c03e0e63d34e9e9ed94b284d1d0) Importer(815301076,1909f56bfc062723c751e8b465ee728b)
Start importing Assets/Forest road BG/Forest road Background/PNG/background_layer_9.png using Guid(28f46c03e0e63d34e9e9ed94b284d1d0) Importer(815301076,1909f56bfc062723c751e8b465ee728b)  -> (artifact id: '554383a9c649af350fe01ad96e2b5ca0') in 0.006914 seconds
  Import took 0.009080 seconds .

========================================================================
Received Import Request.
  Time since last request: 0.000228 seconds.
  path: Assets/Forest road BG/Forest road Background/PNG/background_layer_11.png
  artifactKey: Guid(68ea58fbac3b9f74dbffc2901d487889) Importer(815301076,1909f56bfc062723c751e8b465ee728b)
Start importing Assets/Forest road BG/Forest road Background/PNG/background_layer_11.png using Guid(68ea58fbac3b9f74dbffc2901d487889) Importer(815301076,1909f56bfc062723c751e8b465ee728b)  -> (artifact id: '3c8e54fb53288f0221dc9842138e516c') in 0.006787 seconds
  Import took 0.008986 seconds .

========================================================================
Received Import Request.
  Time since last request: 0.000210 seconds.
  path: Assets/Forest road BG/Forest road Background/PNG/background_layer_17.png
  artifactKey: Guid(acf0ee574a3f4694bbdd8f56acf0c495) Importer(815301076,1909f56bfc062723c751e8b465ee728b)
Start importing Assets/Forest road BG/Forest road Background/PNG/background_layer_17.png using Guid(acf0ee574a3f4694bbdd8f56acf0c495) Importer(815301076,1909f56bfc062723c751e8b465ee728b)  -> (artifact id: 'f27c07a1f82ec16c0bdd0c6f5f2d7125') in 0.006884 seconds
  Import took 0.009108 seconds .

========================================================================
Received Import Request.
  Time since last request: 0.000256 seconds.
  path: Assets/Forest road BG/Forest road Background/PNG/background_layer_22.png
  artifactKey: Guid(a11a056a105563c4abe7d418348085ed) Importer(815301076,1909f56bfc062723c751e8b465ee728b)
Start importing Assets/Forest road BG/Forest road Background/PNG/background_layer_22.png using Guid(a11a056a105563c4abe7d418348085ed) Importer(815301076,1909f56bfc062723c751e8b465ee728b)  -> (artifact id: '08e9c983d1c1216917c8398ce15b3de6') in 0.006641 seconds
  Import took 0.008897 seconds .

========================================================================
Received Import Request.
  Time since last request: 0.000203 seconds.
  path: Assets/Forest road BG/Forest road Background/PNG/background_layer_21.png
  artifactKey: Guid(136e188a26ea204448024784063cd079) Importer(815301076,1909f56bfc062723c751e8b465ee728b)
Start importing Assets/Forest road BG/Forest road Background/PNG/background_layer_21.png using Guid(136e188a26ea204448024784063cd079) Importer(815301076,1909f56bfc062723c751e8b465ee728b)  -> (artifact id: 'c85c00e3d6e7c85f19fa3cd4f12af0a7') in 0.007245 seconds
  Import took 0.009424 seconds .

========================================================================
Received Import Request.
  Time since last request: 0.000214 seconds.
  path: Assets/Forest road BG/Forest road Background/PNG/background_layer_3.png
  artifactKey: Guid(f94729153dca8a748838c06f5dad09dc) Importer(815301076,1909f56bfc062723c751e8b465ee728b)
Start importing Assets/Forest road BG/Forest road Background/PNG/background_layer_3.png using Guid(f94729153dca8a748838c06f5dad09dc) Importer(815301076,1909f56bfc062723c751e8b465ee728b)  -> (artifact id: '49ecac54a42e8a05029f6abd240f9a84') in 0.006169 seconds
  Import took 0.008309 seconds .

========================================================================
Received Import Request.
  Time since last request: 0.000181 seconds.
  path: Assets/Forest road BG/Forest road Background/PNG/background_layer_6.png
  artifactKey: Guid(a8246741e1a913047851e9faf31afaa7) Importer(815301076,1909f56bfc062723c751e8b465ee728b)
Start importing Assets/Forest road BG/Forest road Background/PNG/background_layer_6.png using Guid(a8246741e1a913047851e9faf31afaa7) Importer(815301076,1909f56bfc062723c751e8b465ee728b)  -> (artifact id: 'eb935f251ee7761df3a880c0fe80bfbf') in 0.006245 seconds
  Import took 0.008400 seconds .

========================================================================
Received Import Request.
  Time since last request: 0.000202 seconds.
  path: Assets/Forest road BG/Forest road Background/PNG/background_layer_16.png
  artifactKey: Guid(417884ea02f5fb14fa6fa65c680ea543) Importer(815301076,1909f56bfc062723c751e8b465ee728b)
Start importing Assets/Forest road BG/Forest road Background/PNG/background_layer_16.png using Guid(417884ea02f5fb14fa6fa65c680ea543) Importer(815301076,1909f56bfc062723c751e8b465ee728b)  -> (artifact id: 'c1afd90325d203c95e841a02b5b79457') in 0.006180 seconds
  Import took 0.008297 seconds .

========================================================================
Received Import Request.
  Time since last request: 0.000221 seconds.
  path: Assets/Forest road BG/Forest road Background/PNG/background_layer_19.png
  artifactKey: Guid(d70f5bec209651f42bc7f87e245a5567) Importer(815301076,1909f56bfc062723c751e8b465ee728b)
Start importing Assets/Forest road BG/Forest road Background/PNG/background_layer_19.png using Guid(d70f5bec209651f42bc7f87e245a5567) Importer(815301076,1909f56bfc062723c751e8b465ee728b)  -> (artifact id: '432ace567b7c7dd33f3debc7d4e6f4ef') in 0.007265 seconds
  Import took 0.009404 seconds .

========================================================================
Received Import Request.
  Time since last request: 0.000260 seconds.
  path: Assets/Forest road BG/Forest road Background/PNG/background_layer_15.png
  artifactKey: Guid(c71dcd741c22b024c8e0d67b94d24f78) Importer(815301076,1909f56bfc062723c751e8b465ee728b)
Start importing Assets/Forest road BG/Forest road Background/PNG/background_layer_15.png using Guid(c71dcd741c22b024c8e0d67b94d24f78) Importer(815301076,1909f56bfc062723c751e8b465ee728b)  -> (artifact id: '966aa6407af8342edf60aa2a8c854fa0') in 0.006361 seconds
  Import took 0.008462 seconds .

========================================================================
Received Import Request.
  Time since last request: 0.000225 seconds.
  path: Assets/Forest road BG/Forest road Background/PNG/background_layer_14.png
  artifactKey: Guid(1c63de463ecc17e43b7c772017ca4d72) Importer(815301076,1909f56bfc062723c751e8b465ee728b)
Start importing Assets/Forest road BG/Forest road Background/PNG/background_layer_14.png using Guid(1c63de463ecc17e43b7c772017ca4d72) Importer(815301076,1909f56bfc062723c751e8b465ee728b)  -> (artifact id: '90d1cb14eaa0e0d7abea68f5bfb90357') in 0.006822 seconds
  Import took 0.009071 seconds .

========================================================================
Received Import Request.
  Time since last request: 0.000208 seconds.
  path: Assets/Forest road BG/Forest road Background/PNG/background_layer_12.png
  artifactKey: Guid(727df78b05622864a8dabbe258650774) Importer(815301076,1909f56bfc062723c751e8b465ee728b)
Start importing Assets/Forest road BG/Forest road Background/PNG/background_layer_12.png using Guid(727df78b05622864a8dabbe258650774) Importer(815301076,1909f56bfc062723c751e8b465ee728b)  -> (artifact id: '661b5a1a648cd468e73dee3e934e4594') in 0.007074 seconds
  Import took 0.009259 seconds .

========================================================================
Received Import Request.
  Time since last request: 0.000235 seconds.
  path: Assets/Forest road BG/Forest road Background/PNG/background_layer_10.png
  artifactKey: Guid(80b83ab1a187e904fa92d9c0e33c1e77) Importer(815301076,1909f56bfc062723c751e8b465ee728b)
Start importing Assets/Forest road BG/Forest road Background/PNG/background_layer_10.png using Guid(80b83ab1a187e904fa92d9c0e33c1e77) Importer(815301076,1909f56bfc062723c751e8b465ee728b)  -> (artifact id: '3ac6d76de0188295231e8169841301c2') in 0.006366 seconds
  Import took 0.008585 seconds .

========================================================================
Received Import Request.
  Time since last request: 0.000187 seconds.
  path: Assets/Forest road BG/Forest road Background/PNG/background_layer_7.png
  artifactKey: Guid(d6e28535707065a45b0d3ede9c5694f9) Importer(815301076,1909f56bfc062723c751e8b465ee728b)
Start importing Assets/Forest road BG/Forest road Background/PNG/background_layer_7.png using Guid(d6e28535707065a45b0d3ede9c5694f9) Importer(815301076,1909f56bfc062723c751e8b465ee728b)  -> (artifact id: 'ca7a6288ace6cbaae0fd54fb101edd1c') in 0.006598 seconds
  Import took 0.008927 seconds .

========================================================================
Received Import Request.
  Time since last request: 613.614960 seconds.
  path: Assets/Brackeys/2D Mega Pack
  artifactKey: Guid(3f97bd75468a3704282bde6d8dcfaaba) Importer(815301076,1909f56bfc062723c751e8b465ee728b)
Start importing Assets/Brackeys/2D Mega Pack using Guid(3f97bd75468a3704282bde6d8dcfaaba) Importer(815301076,1909f56bfc062723c751e8b465ee728b)  -> (artifact id: 'd25ce2377380d2aa11be1dfed5043a03') in 0.001872 seconds
  Import took 0.004590 seconds .

========================================================================
Received Prepare
Registering precompiled user dll's ...
Registered in 0.000892 seconds.
Begin MonoManager ReloadAssembly
Native extension for WindowsStandalone target not found
Refreshing native plugins compatible for Editor in 0.33 ms, found 1 plugins.
Preloading 0 native plugins for Editor in 0.00 ms.
Mono: successfully reloaded assembly
- Completed reload, in  0.620 seconds
Platform modules already initialized, skipping
Refreshing native plugins compatible for Editor in 0.32 ms, found 1 plugins.
Preloading 0 native plugins for Editor in 0.00 ms.
Unloading 1807 Unused Serialized files (Serialized files now loaded: 0)
System memory in use before: 90.7 MB.
System memory in use after: 90.7 MB.

Unloading 12 unused Assets to reduce memory usage. Loaded Objects now: 2264.
Total: 1.559500 ms (FindLiveObjects: 0.149300 ms CreateObjectMapping: 0.050900 ms MarkObjects: 1.280600 ms  DeleteObjects: 0.078100 ms)

========================================================================
Received Import Request.
  Time since last request: 75.219379 seconds.
  path: Assets/Free Pixel Army/Prefabs
  artifactKey: Guid(f989df88ddd99204da7472d04babbac6) Importer(815301076,1909f56bfc062723c751e8b465ee728b)
Start importing Assets/Free Pixel Army/Prefabs using Guid(f989df88ddd99204da7472d04babbac6) Importer(815301076,1909f56bfc062723c751e8b465ee728b)  -> (artifact id: '45e397ad9a7947ca223d91b88d6f448f') in 0.003608 seconds
  Import took 0.005936 seconds .

========================================================================
Received Import Request.
  Time since last request: 0.050401 seconds.
  path: Assets/Free Pixel Army/Prefabs/General.prefab
  artifactKey: Guid(3f342161fd81307439ae403e7fbe32ae) Importer(815301076,1909f56bfc062723c751e8b465ee728b)
Start importing Assets/Free Pixel Army/Prefabs/General.prefab using Guid(3f342161fd81307439ae403e7fbe32ae) Importer(815301076,1909f56bfc062723c751e8b465ee728b)  -> (artifact id: 'f245fa55e2ab6b31b81d05535be8b7f8') in 0.055768 seconds
  Import took 0.058175 seconds .

========================================================================
Received Import Request.
  Time since last request: 0.000297 seconds.
  path: Assets/Free Pixel Army/Prefabs/Helmet.prefab
  artifactKey: Guid(ed061f7d3bc98d845a8540a076646fa7) Importer(815301076,1909f56bfc062723c751e8b465ee728b)
Start importing Assets/Free Pixel Army/Prefabs/Helmet.prefab using Guid(ed061f7d3bc98d845a8540a076646fa7) Importer(815301076,1909f56bfc062723c751e8b465ee728b)  -> (artifact id: '8433ed51a5e74b3bc01a79ab9523eafb') in 0.007492 seconds
  Import took 0.009605 seconds .

========================================================================
Received Import Request.
  Time since last request: 0.000263 seconds.
  path: Assets/Free Pixel Army/Prefabs/Ordinary.prefab
  artifactKey: Guid(41c066894f685734a83d6c60ebf2159c) Importer(815301076,1909f56bfc062723c751e8b465ee728b)
Start importing Assets/Free Pixel Army/Prefabs/Ordinary.prefab using Guid(41c066894f685734a83d6c60ebf2159c) Importer(815301076,1909f56bfc062723c751e8b465ee728b)  -> (artifact id: '40633b80eb664a5409daa1706ec42fd7') in 0.008612 seconds
  Import took 0.010702 seconds .

========================================================================
Received Import Request.
  Time since last request: 237.991258 seconds.
  path: Assets/Distant Lands Free Characters/Contents
  artifactKey: Guid(e06ab242b464bcb4ab72392773d7de83) Importer(815301076,1909f56bfc062723c751e8b465ee728b)
Start importing Assets/Distant Lands Free Characters/Contents using Guid(e06ab242b464bcb4ab72392773d7de83) Importer(815301076,1909f56bfc062723c751e8b465ee728b)  -> (artifact id: '943fb6c5d19a00d38c56a5569a1972f6') in 0.001929 seconds
  Import took 0.004301 seconds .

========================================================================
Received Import Request.
  Time since last request: 21.964763 seconds.
  path: Assets/Distant Lands Free Characters/Contents/Mesh
  artifactKey: Guid(412a246803a3afc4dbab4c83f6d67e66) Importer(815301076,1909f56bfc062723c751e8b465ee728b)
Start importing Assets/Distant Lands Free Characters/Contents/Mesh using Guid(412a246803a3afc4dbab4c83f6d67e66) Importer(815301076,1909f56bfc062723c751e8b465ee728b)  -> (artifact id: 'e9a516d179890bec57106748f043b182') in 0.001722 seconds
  Import took 0.004065 seconds .

========================================================================
Received Import Request.
  Time since last request: 0.000401 seconds.
  path: Assets/Distant Lands Free Characters/Contents/Mesh
  artifactKey: Guid(412a246803a3afc4dbab4c83f6d67e66) Importer(815301076,1909f56bfc062723c751e8b465ee728b)
Start importing Assets/Distant Lands Free Characters/Contents/Mesh using Guid(412a246803a3afc4dbab4c83f6d67e66) Importer(815301076,1909f56bfc062723c751e8b465ee728b)  -> (artifact id: 'e9a516d179890bec57106748f043b182') in 0.001515 seconds
  Import took 0.003378 seconds .

========================================================================
Received Import Request.
  Time since last request: 0.322366 seconds.
  path: Assets/Distant Lands Free Characters/Contents/Mesh/Female Hands.fbx
  artifactKey: Guid(d9979e9ec1784f8418ec3118f7edb3b2) Importer(815301076,1909f56bfc062723c751e8b465ee728b)
Start importing Assets/Distant Lands Free Characters/Contents/Mesh/Female Hands.fbx using Guid(d9979e9ec1784f8418ec3118f7edb3b2) Importer(815301076,1909f56bfc062723c751e8b465ee728b)  -> (artifact id: '28e82e9e685e59babb74ffc684602bad') in 0.318331 seconds
  Import took 0.320941 seconds .

========================================================================
Received Import Request.
  Time since last request: 0.000184 seconds.
  path: Assets/Distant Lands Free Characters/Contents/Mesh/Male Hands.fbx
  artifactKey: Guid(6ff98783d10689e4199627949324d20f) Importer(815301076,1909f56bfc062723c751e8b465ee728b)
Start importing Assets/Distant Lands Free Characters/Contents/Mesh/Male Hands.fbx using Guid(6ff98783d10689e4199627949324d20f) Importer(815301076,1909f56bfc062723c751e8b465ee728b)  -> (artifact id: 'e2493a59696aea9c4f2b01a7fb52b5e8') in 0.075706 seconds
  Import took 0.078123 seconds .

========================================================================
Received Import Request.
  Time since last request: 0.000217 seconds.
  path: Assets/Distant Lands Free Characters/Contents/Mesh/Male.fbx
  artifactKey: Guid(8c28075e6e1a5c34ca899fd618879dd4) Importer(815301076,1909f56bfc062723c751e8b465ee728b)
Start importing Assets/Distant Lands Free Characters/Contents/Mesh/Male.fbx using Guid(8c28075e6e1a5c34ca899fd618879dd4) Importer(815301076,1909f56bfc062723c751e8b465ee728b)  -> (artifact id: '727d994f04da50e429b2af322f813fbb') in 0.071195 seconds
  Import took 0.073559 seconds .

========================================================================
Received Import Request.
  Time since last request: 0.000243 seconds.
  path: Assets/Distant Lands Free Characters/Contents/Mesh/Female.fbx
  artifactKey: Guid(dc1dacc99c42993499b968409533f7cb) Importer(815301076,1909f56bfc062723c751e8b465ee728b)
Start importing Assets/Distant Lands Free Characters/Contents/Mesh/Female.fbx using Guid(dc1dacc99c42993499b968409533f7cb) Importer(815301076,1909f56bfc062723c751e8b465ee728b)  -> (artifact id: '0ee5d767711be7ce2169255ec31b6d08') in 0.063539 seconds
  Import took 0.065869 seconds .

========================================================================
Received Import Request.
  Time since last request: 3336.897292 seconds.
  path: Assets
  artifactKey: Guid(00000000000000001000000000000000) Importer(815301076,1909f56bfc062723c751e8b465ee728b)
Start importing Assets using Guid(00000000000000001000000000000000) Importer(815301076,1909f56bfc062723c751e8b465ee728b)  -> (artifact id: '2c602d4445bd9e0e517b9a7c882a2249') in 0.002345 seconds
  Import took 0.005217 seconds .

========================================================================
Received Import Request.
  Time since last request: 50.832074 seconds.
  path: Assets/michael-kusi-jnr-pintoo-back.jpg
  artifactKey: Guid(cc933e8c2e970ca4c9c94cea48ed16db) Importer(815301076,1909f56bfc062723c751e8b465ee728b)
Start importing Assets/michael-kusi-jnr-pintoo-back.jpg using Guid(cc933e8c2e970ca4c9c94cea48ed16db) Importer(815301076,1909f56bfc062723c751e8b465ee728b)  -> (artifact id: '673c10f6bbb400dc7be9310981b890c9') in 0.027460 seconds
  Import took 0.029834 seconds .

========================================================================
Received Import Request.
  Time since last request: 306.670902 seconds.
  path: Assets/michael-kusi-jnr-pintoo-back-removebg-preview.png
  artifactKey: Guid(4f98ba05c4cd75947abf4bd4dbc22f37) Importer(815301076,1909f56bfc062723c751e8b465ee728b)
Start importing Assets/michael-kusi-jnr-pintoo-back-removebg-preview.png using Guid(4f98ba05c4cd75947abf4bd4dbc22f37) Importer(815301076,1909f56bfc062723c751e8b465ee728b)  -> (artifact id: '3049dd669520598f9efbe92d4641716e') in 0.012199 seconds
  Import took 0.014823 seconds .

========================================================================
Received Import Request.
  Time since last request: 191.285960 seconds.
  path: Assets/79c4c3ff-f24a-4b4f-ab73-28f67f1bc896-x4.png
  artifactKey: Guid(6e83cffcc2feab446810f346dde76f69) Importer(815301076,1909f56bfc062723c751e8b465ee728b)
Start importing Assets/79c4c3ff-f24a-4b4f-ab73-28f67f1bc896-x4.png using Guid(6e83cffcc2feab446810f346dde76f69) Importer(815301076,1909f56bfc062723c751e8b465ee728b)  -> (artifact id: '58a101631d5f18df0577b047ff5bf8a4') in 0.036211 seconds
  Import took 0.038819 seconds .

AssetImportWorkerClient::OnTransportError - code=2 error=End of file
